<?xml version="1.0" encoding="UTF-8"?>
<!-- Generated by org.testng.reporters.JUnitXMLReporter -->
<testsuite ignored="20" hostname="GWTN156-9" failures="10" tests="27" name="class25_TestNG_Verification_Test" time="61.815" errors="0" timestamp="2023-12-21T16:41:02 MST">
  <testcase classname="tests_michroTech.HomePageVerification" name="homePageVerify1" time="0.581"/>
  <testcase classname="tests_michroTech_DataProvider.HomePageVerification" name="homePageVerify1" time="0.273"/>
  <testcase classname="tests_swagLab.Test_Swag_Lab_Logout" name="logoutpage1" time="2.886"/>
  <testcase classname="tests_michroTech_DataProvider.Test_Create_Order" name="test_Create_Order" time="10.035"/>
  <testcase classname="tests_swagLab.Test_Swag_Lab_Login" name="test_Swag" time="18.942"/>
  <testcase classname="tests_swagLab.HomePageVerification" name="homePage1" time="0.06"/>
  <testcase classname="tests_swagLab.HomePageVerification" name="homePage" time="0.051"/>
  <testcase classname="tests_michroTech.HomePageVerification" name="homePageVerify2" time="0.089">
    <failure type="java.lang.AssertionError" message="------homePageVerify2 Test is Fail will print---------------
	expected [Ayaat] but found [Rosy]">
      <![CDATA[java.lang.AssertionError: ------homePageVerify2 Test is Fail will print---------------
expected [Ayaat] but found [Rosy]
at tests_michroTech.HomePageVerification.homePageVerify2(HomePageVerification.java:31)
at java.base/java.util.ArrayList.forEach(ArrayList.java:1511)
at java.base/java.util.concurrent.FutureTask.run(FutureTask.java:264)
at java.base/java.util.concurrent.ThreadPoolExecutor.runWorker(ThreadPoolExecutor.java:1136)
at java.base/java.util.concurrent.ThreadPoolExecutor$Worker.run(ThreadPoolExecutor.java:635)
at java.base/java.lang.Thread.run(Thread.java:833)
... Removed 19 stack frames]]>
    </failure>
  </testcase> <!-- homePageVerify2 -->
  <testcase classname="tests_michroTech_DataProvider.HomePageVerification" name="homePageVerify2" time="0.03">
    <failure type="java.lang.AssertionError" message="------homePageVerify2 Test is Fail will print---------------
	expected [Ayaat] but found [Rosy]">
      <![CDATA[java.lang.AssertionError: ------homePageVerify2 Test is Fail will print---------------
expected [Ayaat] but found [Rosy]
at tests_michroTech_DataProvider.HomePageVerification.homePageVerify2(HomePageVerification.java:31)
at java.base/java.util.ArrayList.forEach(ArrayList.java:1511)
at java.base/java.util.concurrent.FutureTask.run(FutureTask.java:264)
at java.base/java.util.concurrent.ThreadPoolExecutor.runWorker(ThreadPoolExecutor.java:1136)
at java.base/java.util.concurrent.ThreadPoolExecutor$Worker.run(ThreadPoolExecutor.java:635)
at java.base/java.lang.Thread.run(Thread.java:833)
... Removed 19 stack frames]]>
    </failure>
  </testcase> <!-- homePageVerify2 -->
  <testcase classname="tests_swagLab.Test_Swag_Lab_Logout" name="logoutpage2" time="2.313">
    <failure type="java.lang.AssertionError" message="null">
      <![CDATA[java.lang.AssertionError: null
at tests_swagLab.Test_Swag_Lab_Logout.logoutpage2(Test_Swag_Lab_Logout.java:62)
at java.base/java.util.ArrayList.forEach(ArrayList.java:1511)
at java.base/java.util.concurrent.FutureTask.run(FutureTask.java:264)
at java.base/java.util.concurrent.ThreadPoolExecutor.runWorker(ThreadPoolExecutor.java:1136)
at java.base/java.util.concurrent.ThreadPoolExecutor$Worker.run(ThreadPoolExecutor.java:635)
at java.base/java.lang.Thread.run(Thread.java:833)
... Removed 20 stack frames]]>
    </failure>
  </testcase> <!-- logoutpage2 -->
  <testcase classname="tests_michroTech.HomePageVerification" name="homePageVerify3" time="0.086">
    <failure type="java.lang.AssertionError" message="-------------------Home Page3 Test Fail-----------------------">
      <![CDATA[java.lang.AssertionError: -------------------Home Page3 Test Fail-----------------------
at tests_michroTech.HomePageVerification.homePageVerify3(HomePageVerification.java:40)
at java.base/java.util.ArrayList.forEach(ArrayList.java:1511)
at java.base/java.util.concurrent.FutureTask.run(FutureTask.java:264)
at java.base/java.util.concurrent.ThreadPoolExecutor.runWorker(ThreadPoolExecutor.java:1136)
at java.base/java.util.concurrent.ThreadPoolExecutor$Worker.run(ThreadPoolExecutor.java:635)
at java.base/java.lang.Thread.run(Thread.java:833)
... Removed 19 stack frames]]>
    </failure>
  </testcase> <!-- homePageVerify3 -->
  <testcase classname="tests_michroTech_DataProvider.HomePageVerification" name="homePageVerify3" time="0.031">
    <failure type="java.lang.AssertionError" message="-------------------Home Page3 Test Fail-----------------------">
      <![CDATA[java.lang.AssertionError: -------------------Home Page3 Test Fail-----------------------
at tests_michroTech_DataProvider.HomePageVerification.homePageVerify3(HomePageVerification.java:40)
at java.base/java.util.ArrayList.forEach(ArrayList.java:1511)
at java.base/java.util.concurrent.FutureTask.run(FutureTask.java:264)
at java.base/java.util.concurrent.ThreadPoolExecutor.runWorker(ThreadPoolExecutor.java:1136)
at java.base/java.util.concurrent.ThreadPoolExecutor$Worker.run(ThreadPoolExecutor.java:635)
at java.base/java.lang.Thread.run(Thread.java:833)
... Removed 19 stack frames]]>
    </failure>
  </testcase> <!-- homePageVerify3 -->
  <testcase classname="tests_swagLab.HomePageVerification" name="homepage2" time="1.239"/>
  <testcase classname="tests_michroTech.Test_Employee_Login" name="test_Employee_Login" time="2.547">
    <skipped/>
  </testcase> <!-- test_Employee_Login -->
  <testcase classname="tests_michroTech_DataProvider.Test_Employee_Login" name="test_Employee_Login" time="2.431">
    <skipped/>
  </testcase> <!-- test_Employee_Login -->
  <testcase classname="tests_swagLab.HomePageVerification" name="homePage3" time="0.221">
    <failure type="java.lang.AssertionError" message="-------------homePage3 test Fail---------------------">
      <![CDATA[java.lang.AssertionError: -------------homePage3 test Fail---------------------
at tests_swagLab.HomePageVerification.homePage3(HomePageVerification.java:85)
at java.base/java.util.ArrayList.forEach(ArrayList.java:1511)
at java.base/java.util.concurrent.FutureTask.run(FutureTask.java:264)
at java.base/java.util.concurrent.ThreadPoolExecutor.runWorker(ThreadPoolExecutor.java:1136)
at java.base/java.util.concurrent.ThreadPoolExecutor$Worker.run(ThreadPoolExecutor.java:635)
at java.base/java.lang.Thread.run(Thread.java:833)
... Removed 19 stack frames]]>
    </failure>
  </testcase> <!-- homePage3 -->
  <testcase classname="tests_michroTech.HomePageVerification" name="homePageVerify4" time="0.097">
    <skipped/>
  </testcase> <!-- homePageVerify4 -->
  <testcase classname="tests_michroTech_DataProvider.HomePageVerification" name="homePageVerify4" time="0.032">
    <skipped/>
  </testcase> <!-- homePageVerify4 -->
  <testcase classname="tests_swagLab.Test_Swag_Lab_Logout" name="logoutpage3" time="2.3">
    <skipped/>
  </testcase> <!-- logoutpage3 -->
  <testcase classname="tests_michroTech.Test_Customer_Login" name="test_Customer_Login" time="2.513"/>
  <testcase classname="tests_michroTech_DataProvider.Test_Customer_Login" name="test_Customer_Login" time="5.498"/>
  <testcase classname="tests_michroTech.HomePageVerification" name="homePageVerify5" time="0.028">
    <failure type="java.lang.AssertionError" message="------------homePageVerify5 Soft Assertion Done-------------
	expected [Ayaat] but found [Rosy],
	---------This stmt will be executed bcoz of Soft Assertion---------- expected [true] but found [false]">
      <![CDATA[java.lang.AssertionError: ------------homePageVerify5 Soft Assertion Done-------------
expected [Ayaat] but found [Rosy],
---------This stmt will be executed bcoz of Soft Assertion---------- expected [true] but found [false]
at tests_michroTech.HomePageVerification.homePageVerify5(HomePageVerification.java:59)
at java.base/java.util.ArrayList.forEach(ArrayList.java:1511)
at java.base/java.util.concurrent.FutureTask.run(FutureTask.java:264)
at java.base/java.util.concurrent.ThreadPoolExecutor.runWorker(ThreadPoolExecutor.java:1136)
at java.base/java.util.concurrent.ThreadPoolExecutor$Worker.run(ThreadPoolExecutor.java:635)
at java.base/java.lang.Thread.run(Thread.java:833)
... Removed 19 stack frames]]>
    </failure>
  </testcase> <!-- homePageVerify5 -->
  <testcase classname="tests_michroTech_DataProvider.HomePageVerification" name="homePageVerify5" time="0.029">
    <failure type="java.lang.AssertionError" message="------------homePageVerify5 Soft Assertion Done-------------
	expected [Ayaat] but found [Rosy],
	---------This stmt will be executed bcoz of Soft Assertion---------- expected [true] but found [false]">
      <![CDATA[java.lang.AssertionError: ------------homePageVerify5 Soft Assertion Done-------------
expected [Ayaat] but found [Rosy],
---------This stmt will be executed bcoz of Soft Assertion---------- expected [true] but found [false]
at tests_michroTech_DataProvider.HomePageVerification.homePageVerify5(HomePageVerification.java:59)
at java.base/java.util.ArrayList.forEach(ArrayList.java:1511)
at java.base/java.util.concurrent.FutureTask.run(FutureTask.java:264)
at java.base/java.util.concurrent.ThreadPoolExecutor.runWorker(ThreadPoolExecutor.java:1136)
at java.base/java.util.concurrent.ThreadPoolExecutor$Worker.run(ThreadPoolExecutor.java:635)
at java.base/java.lang.Thread.run(Thread.java:833)
... Removed 19 stack frames]]>
    </failure>
  </testcase> <!-- homePageVerify5 -->
  <testcase classname="tests_swagLab.HomePageVerification" name="logoutpage4" time="2.309">
    <skipped/>
  </testcase> <!-- logoutpage4 -->
  <testcase classname="tests_michroTech.Test_Create_Order" name="test_Create_Order" time="6.982"/>
  <testcase classname="tests_michroTech.HomePageVerification" name="homePageVerify6" time="0.114">
    <failure type="java.lang.AssertionError" message="-------No further stmt will not be executed bcoz of Hard Assertion---- expected [true] but found [false]">
      <![CDATA[java.lang.AssertionError: -------No further stmt will not be executed bcoz of Hard Assertion---- expected [true] but found [false]
at tests_michroTech.HomePageVerification.homePageVerify6(HomePageVerification.java:67)
at java.base/java.util.ArrayList.forEach(ArrayList.java:1511)
at java.base/java.util.concurrent.FutureTask.run(FutureTask.java:264)
at java.base/java.util.concurrent.ThreadPoolExecutor.runWorker(ThreadPoolExecutor.java:1136)
at java.base/java.util.concurrent.ThreadPoolExecutor$Worker.run(ThreadPoolExecutor.java:635)
at java.base/java.lang.Thread.run(Thread.java:833)
... Removed 21 stack frames]]>
    </failure>
  </testcase> <!-- homePageVerify6 -->
  <testcase classname="tests_michroTech_DataProvider.HomePageVerification" name="homePageVerify6" time="0.031">
    <failure type="java.lang.AssertionError" message="-------No further stmt will not be executed bcoz of Hard Assertion---- expected [true] but found [false]">
      <![CDATA[java.lang.AssertionError: -------No further stmt will not be executed bcoz of Hard Assertion---- expected [true] but found [false]
at tests_michroTech_DataProvider.HomePageVerification.homePageVerify6(HomePageVerification.java:67)
at java.base/java.util.ArrayList.forEach(ArrayList.java:1511)
at java.base/java.util.concurrent.FutureTask.run(FutureTask.java:264)
at java.base/java.util.concurrent.ThreadPoolExecutor.runWorker(ThreadPoolExecutor.java:1136)
at java.base/java.util.concurrent.ThreadPoolExecutor$Worker.run(ThreadPoolExecutor.java:635)
at java.base/java.lang.Thread.run(Thread.java:833)
... Removed 21 stack frames]]>
    </failure>
  </testcase> <!-- homePageVerify6 -->
  <testcase classname="base.Base" name="@BeforeSuite startUp" time="0.0">
    <ignored/>
  </testcase> <!-- @BeforeSuite startUp -->
  <testcase classname="base.Base" name="@BeforeSuite startUp" time="0.0">
    <ignored/>
  </testcase> <!-- @BeforeSuite startUp -->
  <testcase classname="base.Base" name="@BeforeSuite startUp" time="0.0">
    <ignored/>
  </testcase> <!-- @BeforeSuite startUp -->
  <testcase classname="base.Base" name="@BeforeSuite startUp" time="0.0">
    <ignored/>
  </testcase> <!-- @BeforeSuite startUp -->
  <testcase classname="base.Base" name="@BeforeSuite startUp" time="0.0">
    <ignored/>
  </testcase> <!-- @BeforeSuite startUp -->
  <testcase classname="base.Base" name="@BeforeSuite startUp" time="0.0">
    <ignored/>
  </testcase> <!-- @BeforeSuite startUp -->
  <testcase classname="base.Base" name="@BeforeSuite startUp" time="0.0">
    <ignored/>
  </testcase> <!-- @BeforeSuite startUp -->
  <testcase classname="base.Base" name="@BeforeSuite startUp" time="0.0">
    <ignored/>
  </testcase> <!-- @BeforeSuite startUp -->
  <testcase classname="base.Base" name="@BeforeSuite startUp" time="0.0">
    <ignored/>
  </testcase> <!-- @BeforeSuite startUp -->
  <testcase classname="base.Base" name="@BeforeSuite startUp" time="0.0">
    <ignored/>
  </testcase> <!-- @BeforeSuite startUp -->
  <testcase classname="base.Base" name="@AfterSuite Close_All" time="0.0">
    <ignored/>
  </testcase> <!-- @AfterSuite Close_All -->
  <testcase classname="base.Base" name="@AfterSuite Close_All" time="0.0">
    <ignored/>
  </testcase> <!-- @AfterSuite Close_All -->
  <testcase classname="base.Base" name="@AfterSuite Close_All" time="0.0">
    <ignored/>
  </testcase> <!-- @AfterSuite Close_All -->
  <testcase classname="base.Base" name="@AfterSuite Close_All" time="0.0">
    <ignored/>
  </testcase> <!-- @AfterSuite Close_All -->
  <testcase classname="base.Base" name="@AfterSuite Close_All" time="0.0">
    <ignored/>
  </testcase> <!-- @AfterSuite Close_All -->
  <testcase classname="base.Base" name="@AfterSuite Close_All" time="0.0">
    <ignored/>
  </testcase> <!-- @AfterSuite Close_All -->
  <testcase classname="base.Base" name="@AfterSuite Close_All" time="0.0">
    <ignored/>
  </testcase> <!-- @AfterSuite Close_All -->
  <testcase classname="base.Base" name="@AfterSuite Close_All" time="0.0">
    <ignored/>
  </testcase> <!-- @AfterSuite Close_All -->
  <testcase classname="base.Base" name="@AfterSuite Close_All" time="0.0">
    <ignored/>
  </testcase> <!-- @AfterSuite Close_All -->
  <testcase classname="base.Base" name="@AfterSuite Close_All" time="0.0">
    <ignored/>
  </testcase> <!-- @AfterSuite Close_All -->
</testsuite> <!-- class25_TestNG_Verification_Test -->
