<!DOCTYPE html PUBLIC "-//W3C//DTD XHTML 1.1//EN" "https://www.w3.org/TR/xhtml11/DTD/xhtml11.dtd">
<html xmlns="https://www.w3.org/1999/xhtml">
<head>
<meta http-equiv="content-type" content="text/html; charset=UTF-8"/>
<title>TestNG Report</title>
<style type="text/css">table {margin-bottom:10px;border-collapse:collapse;empty-cells:show}th,td {border:1px solid #009;padding:.25em .5em}th {vertical-align:bottom}td {vertical-align:top}table a {font-weight:bold}.stripe td {background-color: #E6EBF9}.num {text-align:right}.passedodd td {background-color: #3F3}.passedeven td {background-color: #0A0}.skippedodd td {background-color: #DDD}.skippedeven td {background-color: #CCC}.failedodd td,.attn {background-color: #F33}.failedeven td,.stripe .attn {background-color: #D00}.stacktrace {white-space:pre;font-family:monospace}.totop {font-size:85%;text-align:center;border-bottom:2px solid #000}.invisible {display:none}</style>
</head>
<body>
<table>
<tr><th>Test</th><th># Passed</th><th># Skipped</th><th># Retried</th><th># Failed</th><th>Time (ms)</th><th>Included Groups</th><th>Excluded Groups</th></tr>
<tr><th colspan="8">class25_TestNG</th></tr>
<tr><td><a href="#t0">class25_TestNG_Verification_Test</a></td><td class="num">11</td><td class="num attn">6</td><td class="num">0</td><td class="num attn">10</td><td class="num">61,815</td><td></td><td></td></tr>
</table>
<table id='summary'><thead><tr><th>Class</th><th>Method</th><th>Start</th><th>Time (ms)</th></tr></thead><tbody><tr><th colspan="4">class25_TestNG</th></tr></tbody><tbody id="t0"><tr><th colspan="4">class25_TestNG_Verification_Test &#8212; failed</th></tr><tr class="failedeven"><td rowspan="4">tests_michroTech.HomePageVerification</td><td><a href="#m0">homePageVerify2</a></td><td rowspan="1">1703202033861</td><td rowspan="1">89</td></tr><tr class="failedeven"><td><a href="#m1">homePageVerify3</a></td><td rowspan="1">1703202036299</td><td rowspan="1">86</td></tr><tr class="failedeven"><td><a href="#m2">homePageVerify5</a></td><td rowspan="1">1703202053310</td><td rowspan="1">28</td></tr><tr class="failedeven"><td><a href="#m3">homePageVerify6</a></td><td rowspan="1">1703202062663</td><td rowspan="1">114</td></tr><tr class="failedodd"><td rowspan="4">tests_michroTech_DataProvider.HomePageVerification</td><td><a href="#m4">homePageVerify2</a></td><td rowspan="1">1703202033951</td><td rowspan="1">30</td></tr><tr class="failedodd"><td><a href="#m5">homePageVerify3</a></td><td rowspan="1">1703202036386</td><td rowspan="1">31</td></tr><tr class="failedodd"><td><a href="#m6">homePageVerify5</a></td><td rowspan="1">1703202053339</td><td rowspan="1">29</td></tr><tr class="failedodd"><td><a href="#m7">homePageVerify6</a></td><td rowspan="1">1703202062778</td><td rowspan="1">31</td></tr><tr class="failedeven"><td rowspan="1">tests_swagLab.HomePageVerification</td><td><a href="#m8">homePage3</a></td><td rowspan="1">1703202042640</td><td rowspan="1">221</td></tr><tr class="failedodd"><td rowspan="1">tests_swagLab.Test_Swag_Lab_Logout</td><td><a href="#m9">logoutpage2</a></td><td rowspan="1">1703202033983</td><td rowspan="1">2313</td></tr><tr><th colspan="4">class25_TestNG_Verification_Test &#8212; skipped</th></tr><tr class="skippedeven"><td rowspan="1">tests_michroTech.HomePageVerification</td><td><a href="#m10">homePageVerify4</a></td><td rowspan="1">1703202042862</td><td rowspan="1">97</td></tr><tr class="skippedodd"><td rowspan="1">tests_michroTech.Test_Employee_Login</td><td><a href="#m11">test_Employee_Login</a></td><td rowspan="1">1703202037660</td><td rowspan="1">2547</td></tr><tr class="skippedeven"><td rowspan="1">tests_michroTech_DataProvider.HomePageVerification</td><td><a href="#m12">homePageVerify4</a></td><td rowspan="1">1703202042961</td><td rowspan="1">32</td></tr><tr class="skippedodd"><td rowspan="1">tests_michroTech_DataProvider.Test_Employee_Login</td><td><a href="#m13">test_Employee_Login</a></td><td rowspan="1">1703202040208</td><td rowspan="1">2431</td></tr><tr class="skippedeven"><td rowspan="1">tests_swagLab.HomePageVerification</td><td><a href="#m14">logoutpage4</a></td><td rowspan="1">1703202053369</td><td rowspan="1">2309</td></tr><tr class="skippedodd"><td rowspan="1">tests_swagLab.Test_Swag_Lab_Logout</td><td><a href="#m15">logoutpage3</a></td><td rowspan="1">1703202042996</td><td rowspan="1">2300</td></tr><tr><th colspan="4">class25_TestNG_Verification_Test &#8212; passed</th></tr><tr class="passedeven"><td rowspan="1">tests_michroTech.HomePageVerification</td><td><a href="#m16">homePageVerify1</a></td><td rowspan="1">1703202001017</td><td rowspan="1">581</td></tr><tr class="passedodd"><td rowspan="1">tests_michroTech.Test_Create_Order</td><td><a href="#m17">test_Create_Order</a></td><td rowspan="1">1703202055680</td><td rowspan="1">6982</td></tr><tr class="passedeven"><td rowspan="1">tests_michroTech.Test_Customer_Login</td><td><a href="#m18">test_Customer_Login</a></td><td rowspan="1">1703202045297</td><td rowspan="1">2513</td></tr><tr class="passedodd"><td rowspan="1">tests_michroTech_DataProvider.HomePageVerification</td><td><a href="#m19">homePageVerify1</a></td><td rowspan="1">1703202001601</td><td rowspan="1">273</td></tr><tr class="passedeven"><td rowspan="1">tests_michroTech_DataProvider.Test_Create_Order</td><td><a href="#m20">test_Create_Order</a></td><td rowspan="1">1703202004765</td><td rowspan="1">10035</td></tr><tr class="passedodd"><td rowspan="1">tests_michroTech_DataProvider.Test_Customer_Login</td><td><a href="#m21">test_Customer_Login</a></td><td rowspan="1">1703202047811</td><td rowspan="1">5498</td></tr><tr class="passedeven"><td rowspan="3">tests_swagLab.HomePageVerification</td><td><a href="#m22">homePage</a></td><td rowspan="1">1703202033809</td><td rowspan="1">51</td></tr><tr class="passedeven"><td><a href="#m23">homePage1</a></td><td rowspan="1">1703202033748</td><td rowspan="1">60</td></tr><tr class="passedeven"><td><a href="#m24">homepage2</a></td><td rowspan="1">1703202036419</td><td rowspan="1">1239</td></tr><tr class="passedodd"><td rowspan="1">tests_swagLab.Test_Swag_Lab_Login</td><td><a href="#m25">test_Swag</a></td><td rowspan="1">1703202014802</td><td rowspan="1">18942</td></tr><tr class="passedeven"><td rowspan="1">tests_swagLab.Test_Swag_Lab_Logout</td><td><a href="#m26">logoutpage1</a></td><td rowspan="1">1703202001876</td><td rowspan="1">2886</td></tr></tbody>
</table>
<h2>class25_TestNG_Verification_Test</h2><h3 id="m0">tests_michroTech.HomePageVerification#homePageVerify2</h3><table class="result"><tr><th>Exception</th></tr><tr><td><div class="stacktrace">java.lang.AssertionError: ------homePageVerify2 Test is Fail will print---------------
	expected [Ayaat] but found [Rosy]
	at tests_michroTech.HomePageVerification.homePageVerify2(HomePageVerification.java:31)
	at java.base/java.util.ArrayList.forEach(ArrayList.java:1511)
	at java.base/java.util.concurrent.FutureTask.run(FutureTask.java:264)
	at java.base/java.util.concurrent.ThreadPoolExecutor.runWorker(ThreadPoolExecutor.java:1136)
	at java.base/java.util.concurrent.ThreadPoolExecutor$Worker.run(ThreadPoolExecutor.java:635)
	at java.base/java.lang.Thread.run(Thread.java:833)
... Removed 19 stack frames</div></td></tr></table><p class="totop"><a href="#summary">back to summary</a></p>
<h3 id="m1">tests_michroTech.HomePageVerification#homePageVerify3</h3><table class="result"><tr><th>Exception</th></tr><tr><td><div class="stacktrace">java.lang.AssertionError: -------------------Home Page3 Test Fail-----------------------
	at tests_michroTech.HomePageVerification.homePageVerify3(HomePageVerification.java:40)
	at java.base/java.util.ArrayList.forEach(ArrayList.java:1511)
	at java.base/java.util.concurrent.FutureTask.run(FutureTask.java:264)
	at java.base/java.util.concurrent.ThreadPoolExecutor.runWorker(ThreadPoolExecutor.java:1136)
	at java.base/java.util.concurrent.ThreadPoolExecutor$Worker.run(ThreadPoolExecutor.java:635)
	at java.base/java.lang.Thread.run(Thread.java:833)
... Removed 19 stack frames</div></td></tr></table><p class="totop"><a href="#summary">back to summary</a></p>
<h3 id="m2">tests_michroTech.HomePageVerification#homePageVerify5</h3><table class="result"><tr><th>Exception</th></tr><tr><td><div class="stacktrace">java.lang.AssertionError: ------------homePageVerify5 Soft Assertion Done-------------
	expected [Ayaat] but found [Rosy],
	---------This stmt will be executed bcoz of Soft Assertion---------- expected [true] but found [false]
	at tests_michroTech.HomePageVerification.homePageVerify5(HomePageVerification.java:59)
	at java.base/java.util.ArrayList.forEach(ArrayList.java:1511)
	at java.base/java.util.concurrent.FutureTask.run(FutureTask.java:264)
	at java.base/java.util.concurrent.ThreadPoolExecutor.runWorker(ThreadPoolExecutor.java:1136)
	at java.base/java.util.concurrent.ThreadPoolExecutor$Worker.run(ThreadPoolExecutor.java:635)
	at java.base/java.lang.Thread.run(Thread.java:833)
... Removed 19 stack frames</div></td></tr></table><p class="totop"><a href="#summary">back to summary</a></p>
<h3 id="m3">tests_michroTech.HomePageVerification#homePageVerify6</h3><table class="result"><tr><th>Exception</th></tr><tr><td><div class="stacktrace">java.lang.AssertionError: -------No further stmt will not be executed bcoz of Hard Assertion---- expected [true] but found [false]
	at tests_michroTech.HomePageVerification.homePageVerify6(HomePageVerification.java:67)
	at java.base/java.util.ArrayList.forEach(ArrayList.java:1511)
	at java.base/java.util.concurrent.FutureTask.run(FutureTask.java:264)
	at java.base/java.util.concurrent.ThreadPoolExecutor.runWorker(ThreadPoolExecutor.java:1136)
	at java.base/java.util.concurrent.ThreadPoolExecutor$Worker.run(ThreadPoolExecutor.java:635)
	at java.base/java.lang.Thread.run(Thread.java:833)
... Removed 21 stack frames</div></td></tr></table><p class="totop"><a href="#summary">back to summary</a></p>
<h3 id="m4">tests_michroTech_DataProvider.HomePageVerification#homePageVerify2</h3><table class="result"><tr><th>Exception</th></tr><tr><td><div class="stacktrace">java.lang.AssertionError: ------homePageVerify2 Test is Fail will print---------------
	expected [Ayaat] but found [Rosy]
	at tests_michroTech_DataProvider.HomePageVerification.homePageVerify2(HomePageVerification.java:31)
	at java.base/java.util.ArrayList.forEach(ArrayList.java:1511)
	at java.base/java.util.concurrent.FutureTask.run(FutureTask.java:264)
	at java.base/java.util.concurrent.ThreadPoolExecutor.runWorker(ThreadPoolExecutor.java:1136)
	at java.base/java.util.concurrent.ThreadPoolExecutor$Worker.run(ThreadPoolExecutor.java:635)
	at java.base/java.lang.Thread.run(Thread.java:833)
... Removed 19 stack frames</div></td></tr></table><p class="totop"><a href="#summary">back to summary</a></p>
<h3 id="m5">tests_michroTech_DataProvider.HomePageVerification#homePageVerify3</h3><table class="result"><tr><th>Exception</th></tr><tr><td><div class="stacktrace">java.lang.AssertionError: -------------------Home Page3 Test Fail-----------------------
	at tests_michroTech_DataProvider.HomePageVerification.homePageVerify3(HomePageVerification.java:40)
	at java.base/java.util.ArrayList.forEach(ArrayList.java:1511)
	at java.base/java.util.concurrent.FutureTask.run(FutureTask.java:264)
	at java.base/java.util.concurrent.ThreadPoolExecutor.runWorker(ThreadPoolExecutor.java:1136)
	at java.base/java.util.concurrent.ThreadPoolExecutor$Worker.run(ThreadPoolExecutor.java:635)
	at java.base/java.lang.Thread.run(Thread.java:833)
... Removed 19 stack frames</div></td></tr></table><p class="totop"><a href="#summary">back to summary</a></p>
<h3 id="m6">tests_michroTech_DataProvider.HomePageVerification#homePageVerify5</h3><table class="result"><tr><th>Exception</th></tr><tr><td><div class="stacktrace">java.lang.AssertionError: ------------homePageVerify5 Soft Assertion Done-------------
	expected [Ayaat] but found [Rosy],
	---------This stmt will be executed bcoz of Soft Assertion---------- expected [true] but found [false]
	at tests_michroTech_DataProvider.HomePageVerification.homePageVerify5(HomePageVerification.java:59)
	at java.base/java.util.ArrayList.forEach(ArrayList.java:1511)
	at java.base/java.util.concurrent.FutureTask.run(FutureTask.java:264)
	at java.base/java.util.concurrent.ThreadPoolExecutor.runWorker(ThreadPoolExecutor.java:1136)
	at java.base/java.util.concurrent.ThreadPoolExecutor$Worker.run(ThreadPoolExecutor.java:635)
	at java.base/java.lang.Thread.run(Thread.java:833)
... Removed 19 stack frames</div></td></tr></table><p class="totop"><a href="#summary">back to summary</a></p>
<h3 id="m7">tests_michroTech_DataProvider.HomePageVerification#homePageVerify6</h3><table class="result"><tr><th>Exception</th></tr><tr><td><div class="stacktrace">java.lang.AssertionError: -------No further stmt will not be executed bcoz of Hard Assertion---- expected [true] but found [false]
	at tests_michroTech_DataProvider.HomePageVerification.homePageVerify6(HomePageVerification.java:67)
	at java.base/java.util.ArrayList.forEach(ArrayList.java:1511)
	at java.base/java.util.concurrent.FutureTask.run(FutureTask.java:264)
	at java.base/java.util.concurrent.ThreadPoolExecutor.runWorker(ThreadPoolExecutor.java:1136)
	at java.base/java.util.concurrent.ThreadPoolExecutor$Worker.run(ThreadPoolExecutor.java:635)
	at java.base/java.lang.Thread.run(Thread.java:833)
... Removed 21 stack frames</div></td></tr></table><p class="totop"><a href="#summary">back to summary</a></p>
<h3 id="m8">tests_swagLab.HomePageVerification#homePage3</h3><table class="result"><tr><th>Exception</th></tr><tr><td><div class="stacktrace">java.lang.AssertionError: -------------homePage3 test Fail---------------------
	at tests_swagLab.HomePageVerification.homePage3(HomePageVerification.java:85)
	at java.base/java.util.ArrayList.forEach(ArrayList.java:1511)
	at java.base/java.util.concurrent.FutureTask.run(FutureTask.java:264)
	at java.base/java.util.concurrent.ThreadPoolExecutor.runWorker(ThreadPoolExecutor.java:1136)
	at java.base/java.util.concurrent.ThreadPoolExecutor$Worker.run(ThreadPoolExecutor.java:635)
	at java.base/java.lang.Thread.run(Thread.java:833)
... Removed 19 stack frames</div></td></tr></table><p class="totop"><a href="#summary">back to summary</a></p>
<h3 id="m9">tests_swagLab.Test_Swag_Lab_Logout#logoutpage2</h3><table class="result"><tr><th>Exception</th></tr><tr><td><div class="stacktrace">java.lang.AssertionError: null
	at tests_swagLab.Test_Swag_Lab_Logout.logoutpage2(Test_Swag_Lab_Logout.java:62)
	at java.base/java.util.ArrayList.forEach(ArrayList.java:1511)
	at java.base/java.util.concurrent.FutureTask.run(FutureTask.java:264)
	at java.base/java.util.concurrent.ThreadPoolExecutor.runWorker(ThreadPoolExecutor.java:1136)
	at java.base/java.util.concurrent.ThreadPoolExecutor$Worker.run(ThreadPoolExecutor.java:635)
	at java.base/java.lang.Thread.run(Thread.java:833)
... Removed 20 stack frames</div></td></tr></table><p class="totop"><a href="#summary">back to summary</a></p>
<h3 id="m10">tests_michroTech.HomePageVerification#homePageVerify4</h3><table class="result"><tr><th>Exception</th></tr><tr><td><div class="stacktrace">org.testng.SkipException: --------Home Page4 Test Skip-------------
	at tests_michroTech.HomePageVerification.homePageVerify4(HomePageVerification.java:50)
	at java.base/java.util.ArrayList.forEach(ArrayList.java:1511)
	at java.base/java.util.concurrent.FutureTask.run(FutureTask.java:264)
	at java.base/java.util.concurrent.ThreadPoolExecutor.runWorker(ThreadPoolExecutor.java:1136)
	at java.base/java.util.concurrent.ThreadPoolExecutor$Worker.run(ThreadPoolExecutor.java:635)
	at java.base/java.lang.Thread.run(Thread.java:833)
... Removed 18 stack frames</div></td></tr></table><p class="totop"><a href="#summary">back to summary</a></p>
<h3 id="m11">tests_michroTech.Test_Employee_Login#test_Employee_Login</h3><table class="result"><tr><th>Exception</th></tr><tr><td><div class="stacktrace">org.testng.SkipException: -----Skipping this Test---
	at tests_michroTech.Test_Employee_Login.test_Employee_Login(Test_Employee_Login.java:40)
	at java.base/java.util.ArrayList.forEach(ArrayList.java:1511)
	at java.base/java.util.concurrent.FutureTask.run(FutureTask.java:264)
	at java.base/java.util.concurrent.ThreadPoolExecutor.runWorker(ThreadPoolExecutor.java:1136)
	at java.base/java.util.concurrent.ThreadPoolExecutor$Worker.run(ThreadPoolExecutor.java:635)
	at java.base/java.lang.Thread.run(Thread.java:833)
... Removed 18 stack frames</div></td></tr></table><p class="totop"><a href="#summary">back to summary</a></p>
<h3 id="m12">tests_michroTech_DataProvider.HomePageVerification#homePageVerify4</h3><table class="result"><tr><th>Exception</th></tr><tr><td><div class="stacktrace">org.testng.SkipException: --------Home Page4 Test Skip-------------
	at tests_michroTech_DataProvider.HomePageVerification.homePageVerify4(HomePageVerification.java:50)
	at java.base/java.util.ArrayList.forEach(ArrayList.java:1511)
	at java.base/java.util.concurrent.FutureTask.run(FutureTask.java:264)
	at java.base/java.util.concurrent.ThreadPoolExecutor.runWorker(ThreadPoolExecutor.java:1136)
	at java.base/java.util.concurrent.ThreadPoolExecutor$Worker.run(ThreadPoolExecutor.java:635)
	at java.base/java.lang.Thread.run(Thread.java:833)
... Removed 18 stack frames</div></td></tr></table><p class="totop"><a href="#summary">back to summary</a></p>
<h3 id="m13">tests_michroTech_DataProvider.Test_Employee_Login#test_Employee_Login</h3><table class="result"><tr><th>Exception</th></tr><tr><td><div class="stacktrace">org.testng.SkipException: -----Skipping this Test---
	at tests_michroTech_DataProvider.Test_Employee_Login.test_Employee_Login(Test_Employee_Login.java:40)
	at java.base/java.util.ArrayList.forEach(ArrayList.java:1511)
	at java.base/java.util.concurrent.FutureTask.run(FutureTask.java:264)
	at java.base/java.util.concurrent.ThreadPoolExecutor.runWorker(ThreadPoolExecutor.java:1136)
	at java.base/java.util.concurrent.ThreadPoolExecutor$Worker.run(ThreadPoolExecutor.java:635)
	at java.base/java.lang.Thread.run(Thread.java:833)
... Removed 18 stack frames</div></td></tr></table><p class="totop"><a href="#summary">back to summary</a></p>
<h3 id="m14">tests_swagLab.HomePageVerification#logoutpage4</h3><table class="result"><tr><th>Exception</th></tr><tr><td><div class="stacktrace">org.testng.SkipException: ----Log out test skip----------
	at tests_swagLab.HomePageVerification.logoutpage4(HomePageVerification.java:111)
	at java.base/java.util.ArrayList.forEach(ArrayList.java:1511)
	at java.base/java.util.concurrent.FutureTask.run(FutureTask.java:264)
	at java.base/java.util.concurrent.ThreadPoolExecutor.runWorker(ThreadPoolExecutor.java:1136)
	at java.base/java.util.concurrent.ThreadPoolExecutor$Worker.run(ThreadPoolExecutor.java:635)
	at java.base/java.lang.Thread.run(Thread.java:833)
... Removed 18 stack frames</div></td></tr></table><p class="totop"><a href="#summary">back to summary</a></p>
<h3 id="m15">tests_swagLab.Test_Swag_Lab_Logout#logoutpage3</h3><table class="result"><tr><th>Exception</th></tr><tr><td><div class="stacktrace">org.testng.SkipException: ----Log out Page3 test skip----------
	at tests_swagLab.Test_Swag_Lab_Logout.logoutpage3(Test_Swag_Lab_Logout.java:87)
	at java.base/java.util.ArrayList.forEach(ArrayList.java:1511)
	at java.base/java.util.concurrent.FutureTask.run(FutureTask.java:264)
	at java.base/java.util.concurrent.ThreadPoolExecutor.runWorker(ThreadPoolExecutor.java:1136)
	at java.base/java.util.concurrent.ThreadPoolExecutor$Worker.run(ThreadPoolExecutor.java:635)
	at java.base/java.lang.Thread.run(Thread.java:833)
... Removed 18 stack frames</div></td></tr></table><p class="totop"><a href="#summary">back to summary</a></p>
<h3 id="m16">tests_michroTech.HomePageVerification#homePageVerify1</h3><table class="result"><tr><th class="invisible"/></tr></table><p class="totop"><a href="#summary">back to summary</a></p>
<h3 id="m17">tests_michroTech.Test_Create_Order#test_Create_Order</h3><table class="result"><tr><th class="invisible"/></tr></table><p class="totop"><a href="#summary">back to summary</a></p>
<h3 id="m18">tests_michroTech.Test_Customer_Login#test_Customer_Login</h3><table class="result"><tr><th class="invisible"/></tr></table><p class="totop"><a href="#summary">back to summary</a></p>
<h3 id="m19">tests_michroTech_DataProvider.HomePageVerification#homePageVerify1</h3><table class="result"><tr><th class="invisible"/></tr></table><p class="totop"><a href="#summary">back to summary</a></p>
<h3 id="m20">tests_michroTech_DataProvider.Test_Create_Order#test_Create_Order</h3><table class="result"><tr><th class="invisible"/></tr></table><p class="totop"><a href="#summary">back to summary</a></p>
<h3 id="m21">tests_michroTech_DataProvider.Test_Customer_Login#test_Customer_Login</h3><table class="result"><tr><th class="invisible"/></tr></table><p class="totop"><a href="#summary">back to summary</a></p>
<h3 id="m22">tests_swagLab.HomePageVerification#homePage</h3><table class="result"><tr><th class="invisible"/></tr></table><p class="totop"><a href="#summary">back to summary</a></p>
<h3 id="m23">tests_swagLab.HomePageVerification#homePage1</h3><table class="result"><tr><th class="invisible"/></tr></table><p class="totop"><a href="#summary">back to summary</a></p>
<h3 id="m24">tests_swagLab.HomePageVerification#homepage2</h3><table class="result"><tr><th class="invisible"/></tr></table><p class="totop"><a href="#summary">back to summary</a></p>
<h3 id="m25">tests_swagLab.Test_Swag_Lab_Login#test_Swag</h3><table class="result"><tr><th class="invisible"/></tr></table><p class="totop"><a href="#summary">back to summary</a></p>
<h3 id="m26">tests_swagLab.Test_Swag_Lab_Logout#logoutpage1</h3><table class="result"><tr><th class="invisible"/></tr></table><p class="totop"><a href="#summary">back to summary</a></p>
</body>
</html>
