<?xml version="1.0" encoding="UTF-8"?>
<!-- Generated by org.testng.reporters.JUnitReportReporter -->
<testsuite hostname="GWTN156-9" failures="1" tests="5" name="tests_swagLab.HomePageVerification" time="3.880" errors="0" timestamp="2023-12-21T16:41:03 MST" skipped="1">
  <testcase classname="tests_swagLab.HomePageVerification" name="homePage" time="0.051"/>
  <system-out/>
  <testcase classname="tests_swagLab.HomePageVerification" name="homePage1" time="0.060"/>
  <system-out/>
  <testcase classname="tests_swagLab.HomePageVerification" name="homepage2" time="1.239"/>
  <system-out/>
  <testcase classname="tests_swagLab.HomePageVerification" name="homePage3" time="0.221">
    <failure message="-------------homePage3 test Fail---------------------" type="java.lang.AssertionError">
      <![CDATA[java.lang.AssertionError: -------------homePage3 test Fail---------------------
at org.testng.Assert.fail(Assert.java:99)
at tests_swagLab.HomePageVerification.homePage3(HomePageVerification.java:85)
at java.base/jdk.internal.reflect.NativeMethodAccessorImpl.invoke0(Native Method)
at java.base/jdk.internal.reflect.NativeMethodAccessorImpl.invoke(NativeMethodAccessorImpl.java:77)
at java.base/jdk.internal.reflect.DelegatingMethodAccessorImpl.invoke(DelegatingMethodAccessorImpl.java:43)
at java.base/java.lang.reflect.Method.invoke(Method.java:568)
at org.testng.internal.MethodInvocationHelper.invokeMethod(MethodInvocationHelper.java:133)
at org.testng.internal.TestInvoker.invokeMethod(TestInvoker.java:598)
at org.testng.internal.TestInvoker.invokeTestMethod(TestInvoker.java:173)
at org.testng.internal.MethodRunner.runInSequence(MethodRunner.java:46)
at org.testng.internal.TestInvoker$MethodInvocationAgent.invoke(TestInvoker.java:824)
at org.testng.internal.TestInvoker.invokeTestMethods(TestInvoker.java:146)
at org.testng.internal.TestMethodWorker.invokeTestMethods(TestMethodWorker.java:146)
at org.testng.internal.TestMethodWorker.run(TestMethodWorker.java:128)
at java.base/java.util.ArrayList.forEach(ArrayList.java:1511)
at org.testng.TestRunner.privateRun(TestRunner.java:794)
at org.testng.TestRunner.run(TestRunner.java:596)
at org.testng.SuiteRunner.runTest(SuiteRunner.java:377)
at org.testng.SuiteRunner.access$000(SuiteRunner.java:28)
at org.testng.SuiteRunner$SuiteWorker.run(SuiteRunner.java:418)
at org.testng.internal.thread.ThreadUtil.lambda$execute$0(ThreadUtil.java:64)
at java.base/java.util.concurrent.FutureTask.run(FutureTask.java:264)
at java.base/java.util.concurrent.ThreadPoolExecutor.runWorker(ThreadPoolExecutor.java:1136)
at java.base/java.util.concurrent.ThreadPoolExecutor$Worker.run(ThreadPoolExecutor.java:635)
at java.base/java.lang.Thread.run(Thread.java:833)
]]>
    </failure>
  </testcase> <!-- homePage3 -->
  <system-out/>
  <testcase classname="tests_swagLab.HomePageVerification" name="logoutpage4" time="2.309">
    <skipped/>
  </testcase> <!-- logoutpage4 -->
  <system-out/>
</testsuite> <!-- tests_swagLab.HomePageVerification -->
